2025-04-04 11:11:50.215482 - Received CBT.V508.FILE527.PDS from FILE527.XMI 
2025-04-04 11:11:50.217491 - Found $$$#DATE.txt (text/plain) in CBT.V508.FILE527.PDS, moved to PDS/$$$#DATE
2025-04-04 11:11:50.217664 - Found $$$DOC.txt (text/plain) in CBT.V508.FILE527.PDS, moved to PDS/$$$DOC
2025-04-04 11:11:50.217808 - Found $DOC.txt (text/plain) in CBT.V508.FILE527.PDS, moved to PDS/$DOC
2025-04-04 11:11:50.217941 - Found $EDITP.txt (text/plain) in CBT.V508.FILE527.PDS, moved to PDS/$EDITP
2025-04-04 11:11:50.218061 - Found $EPILOG.txt (text/plain) in CBT.V508.FILE527.PDS, moved to PDS/$EPILOG
2025-04-04 11:11:50.218181 - Found $IN.txt (text/plain) in CBT.V508.FILE527.PDS, moved to PDS/$IN
2025-04-04 11:11:50.218318 - Found $MESSAGE.txt (text/plain) in CBT.V508.FILE527.PDS, moved to PDS/$MESSAGE
2025-04-04 11:11:50.218447 - Found $OUT.txt (text/plain) in CBT.V508.FILE527.PDS, moved to PDS/$OUT
2025-04-04 11:11:50.218567 - Found $PROLOG.txt (text/plain) in CBT.V508.FILE527.PDS, moved to PDS/$PROLOG
2025-04-04 11:11:50.218684 - Found $REGS.txt (text/plain) in CBT.V508.FILE527.PDS, moved to PDS/$REGS
2025-04-04 11:11:50.218809 - Found $TEST.txt (text/plain) in CBT.V508.FILE527.PDS, moved to PDS/$TEST
2025-04-04 11:11:50.218930 - Found @DADSM.txt (text/plain) in CBT.V508.FILE527.PDS, moved to PDS/@DADSM
2025-04-04 11:11:50.219061 - Found @FILE527.txt (text/plain) in CBT.V508.FILE527.PDS, moved to PDS/@FILE527
2025-04-04 11:11:50.219192 - Found @LSTICAT.txt (text/plain) in CBT.V508.FILE527.PDS, moved to PDS/@LSTICAT
2025-04-04 11:11:50.219316 - Found @UPDATES.txt (text/plain) in CBT.V508.FILE527.PDS, moved to PDS/@UPDATES
2025-04-04 11:11:50.219441 - Found ADRUENQ.txt (text/plain) in CBT.V508.FILE527.PDS, moved to PDS/ADRUENQ
2025-04-04 11:11:50.220079 - Found ALLOC.txt (text/plain) in CBT.V508.FILE527.PDS, moved to PDS/ALLOC
2025-04-04 11:11:50.220287 - Found ALLVVDS.txt (text/plain) in CBT.V508.FILE527.PDS, moved to PDS/ALLVVDS
2025-04-04 11:11:50.220441 - Found ANFUXBDA.jcl (text/plain) in CBT.V508.FILE527.PDS, moved to PDS/ANFUXBDA
2025-04-04 11:11:50.220567 - Found ANFUXEDA.jcl (text/plain) in CBT.V508.FILE527.PDS, moved to PDS/ANFUXEDA
2025-04-04 11:11:50.220700 - Found COBALASM.jcl (text/plain) in CBT.V508.FILE527.PDS, moved to PDS/COBALASM
2025-04-04 11:11:50.220835 - Found COBALLOC.txt (text/plain) in CBT.V508.FILE527.PDS, moved to PDS/COBALLOC
2025-04-04 11:11:50.221099 - Found DADSM.txt (text/plain) in CBT.V508.FILE527.PDS, moved to PDS/DADSM
2025-04-04 11:11:50.221379 - Found DADSMASM.jcl (text/plain) in CBT.V508.FILE527.PDS, moved to PDS/DADSMASM
2025-04-04 11:11:50.221513 - Found DATASECT.txt (text/plain) in CBT.V508.FILE527.PDS, moved to PDS/DATASECT
2025-04-04 11:11:50.221766 - Found DSECTS.txt (text/plain) in CBT.V508.FILE527.PDS, moved to PDS/DSECTS
2025-04-04 11:11:50.221905 - Found DYNSPACE.txt (text/plain) in CBT.V508.FILE527.PDS, moved to PDS/DYNSPACE
2025-04-04 11:11:50.222040 - Found FINDVVDS.txt (text/plain) in CBT.V508.FILE527.PDS, moved to PDS/FINDVVDS
2025-04-04 11:11:50.222183 - Found G207ASM.jcl (text/plain) in CBT.V508.FILE527.PDS, moved to PDS/G207ASM
2025-04-04 11:11:50.222320 - Found G207DCAN.txt (text/plain) in CBT.V508.FILE527.PDS, moved to PDS/G207DCAN
2025-04-04 11:11:50.222459 - Found G207DOCS.txt (text/plain) in CBT.V508.FILE527.PDS, moved to PDS/G207DOCS
2025-04-04 11:11:50.222593 - Found HEX.txt (text/plain) in CBT.V508.FILE527.PDS, moved to PDS/HEX
2025-04-04 11:11:50.222721 - Found HEXPRINT.txt (text/plain) in CBT.V508.FILE527.PDS, moved to PDS/HEXPRINT
2025-04-04 11:11:50.222843 - Found HSMMCA.txt (text/plain) in CBT.V508.FILE527.PDS, moved to PDS/HSMMCA
2025-04-04 11:11:50.222976 - Found HSMMCB.txt (text/plain) in CBT.V508.FILE527.PDS, moved to PDS/HSMMCB
2025-04-04 11:11:50.223113 - Found HSMMCD.txt (text/plain) in CBT.V508.FILE527.PDS, moved to PDS/HSMMCD
2025-04-04 11:11:50.223261 - Found HSMMCK.txt (text/plain) in CBT.V508.FILE527.PDS, moved to PDS/HSMMCK
2025-04-04 11:11:50.223391 - Found IEAVMXIT.jcl (text/plain) in CBT.V508.FILE527.PDS, moved to PDS/IEAVMXIT
2025-04-04 11:11:50.223506 - Found LISTIASM.jcl (text/plain) in CBT.V508.FILE527.PDS, moved to PDS/LISTIASM
2025-04-04 11:11:50.223635 - Found LISTICAT.txt (text/plain) in CBT.V508.FILE527.PDS, moved to PDS/LISTICAT
2025-04-04 11:11:50.223751 - Found LISTIJCL.jcl (text/plain) in CBT.V508.FILE527.PDS, moved to PDS/LISTIJCL
2025-04-04 11:11:50.223876 - Found MESSAGES.txt (text/plain) in CBT.V508.FILE527.PDS, moved to PDS/MESSAGES
2025-04-04 11:11:50.224013 - Found PARMS.txt (text/plain) in CBT.V508.FILE527.PDS, moved to PDS/PARMS
2025-04-04 11:11:50.224153 - Found PRINT.txt (text/plain) in CBT.V508.FILE527.PDS, moved to PDS/PRINT
2025-04-04 11:11:50.224298 - Found RCPDDN.txt (text/plain) in CBT.V508.FILE527.PDS, moved to PDS/RCPDDN
2025-04-04 11:11:50.224422 - Found RCPDINC.txt (text/plain) in CBT.V508.FILE527.PDS, moved to PDS/RCPDINC
2025-04-04 11:11:50.224562 - Found RCPDISP.txt (text/plain) in CBT.V508.FILE527.PDS, moved to PDS/RCPDISP
2025-04-04 11:11:50.224680 - Found RCPDSN.txt (text/plain) in CBT.V508.FILE527.PDS, moved to PDS/RCPDSN
2025-04-04 11:11:50.224801 - Found RCPSR2.txt (text/plain) in CBT.V508.FILE527.PDS, moved to PDS/RCPSR2
2025-04-04 11:11:50.224929 - Found UCBTYPES.txt (text/plain) in CBT.V508.FILE527.PDS, moved to PDS/UCBTYPES
2025-04-04 11:11:50.225045 - Found VTOC.txt (text/plain) in CBT.V508.FILE527.PDS, moved to PDS/VTOC
2025-04-04 11:11:50.225173 - Found VVDS.txt (text/plain) in CBT.V508.FILE527.PDS, moved to PDS/VVDS
2025-04-04 11:11:50.225306 - Found XPRCLOSE.txt (text/plain) in CBT.V508.FILE527.PDS, moved to PDS/XPRCLOSE
2025-04-04 11:11:50.225444 - Found XPRDCB.txt (text/plain) in CBT.V508.FILE527.PDS, moved to PDS/XPRDCB
2025-04-04 11:11:50.225570 - Found XPREJECT.txt (text/plain) in CBT.V508.FILE527.PDS, moved to PDS/XPREJECT
2025-04-04 11:11:50.225698 - Found XPRHEAD.txt (text/plain) in CBT.V508.FILE527.PDS, moved to PDS/XPRHEAD
2025-04-04 11:11:50.225818 - Found XPRINNRA.txt (text/plain) in CBT.V508.FILE527.PDS, moved to PDS/XPRINNRA
2025-04-04 11:11:50.225937 - Found XPRLDEF.txt (text/plain) in CBT.V508.FILE527.PDS, moved to PDS/XPRLDEF
2025-04-04 11:11:50.226165 - Found XPRLIST.txt (text/plain) in CBT.V508.FILE527.PDS, moved to PDS/XPRLIST
2025-04-04 11:11:50.226277 - Found XPRMOD.txt (text/plain) in CBT.V508.FILE527.PDS, moved to PDS/XPRMOD
2025-04-04 11:11:50.226760 - Found XPRNTLIN.txt (text/plain) in CBT.V508.FILE527.PDS, moved to PDS/XPRNTLIN
2025-04-04 11:11:50.226881 - Found XPROPEN.txt (text/plain) in CBT.V508.FILE527.PDS, moved to PDS/XPROPEN
2025-04-04 11:11:50.226999 - Found XPRSPACE.txt (text/plain) in CBT.V508.FILE527.PDS, moved to PDS/XPRSPACE
